[Licensing::Module] Trying to connect to existing licensing client channel...
Built from '6000.3/staging' branch; Version is '6000.3.9f1 (7a9955a4f2fa) revision 8034645'; Using compiler version '194234433'; Build Type 'Release'
[Licensing::IpcConnector] Successfully connected to: "LicenseClient-dell" at "2026-04-18T14:29:13.6289605Z"
OS: 'Windows 11  (10.0.26200) Professional' Language: 'en' Physical Memory: 32557 MB
BatchMode: 1, IsHumanControllingUs: 0, StartBugReporterOnCrash: 0, Is64bit: 1
System  architecture: x64
Process architecture: x64
Date: 2026-04-18T14:29:13Z

COMMAND LINE ARGUMENTS:
D:\Unity\6000.3.9f1\Editor\Unity.exe
-adb2
-batchMode
-noUpm
-name
AssetImportWorker2
-projectPath
D:/2D Game project
-logFile
Logs/AssetImportWorker2.log
-srvPort
54151
-licensingIpc
LicenseClient-dell
-job-worker-count
5
-background-job-worker-count
8
-gc-helper-count
1
-name
AssetImport
Successfully changed project path to: D:/2D Game project
D:/2D Game project
[UnityMemory] Configuration Parameters - Can be set up in boot.config
    "memorysetup-temp-allocator-size-nav-mesh-worker=65536"
    "memorysetup-temp-allocator-size-audio-worker=65536"
    "memorysetup-temp-allocator-size-gfx=262144"
    "memorysetup-allocator-temp-initial-block-size-main=262144"
    "memorysetup-allocator-temp-initial-block-size-worker=262144"
    "memorysetup-temp-allocator-size-background-worker=32768"
    "memorysetup-temp-allocator-size-job-worker=262144"
    "memorysetup-temp-allocator-size-preload-manager=33554432"
    "memorysetup-temp-allocator-size-gi-baking-worker=262144"
    "memorysetup-temp-allocator-size-gi-baking-worker=262144"
    "memorysetup-temp-allocator-size-gi-baking-worker=262144"
    "memorysetup-temp-allocator-size-gi-baking-worker=262144"
    "memorysetup-temp-allocator-size-gi-baking-worker=262144"
    "memorysetup-bucket-allocator-granularity=16"
    "memorysetup-bucket-allocator-bucket-count=8"
    "memorysetup-bucket-allocator-block-size=33554432"
    "memorysetup-bucket-allocator-block-count=8"
    "memorysetup-main-allocator-block-size=16777216"
    "memorysetup-thread-allocator-block-size=16777216"
    "memorysetup-gfx-main-allocator-block-size=16777216"
    "memorysetup-gfx-thread-allocator-block-size=16777216"
    "memorysetup-cache-allocator-block-size=4194304"
    "memorysetup-typetree-allocator-block-size=2097152"
    "memorysetup-profiler-bucket-allocator-granularity=16"
    "memorysetup-profiler-bucket-allocator-bucket-count=8"
    "memorysetup-profiler-bucket-allocator-block-size=33554432"
    "memorysetup-profiler-bucket-allocator-block-count=8"
    "memorysetup-profiler-allocator-block-size=16777216"
    "memorysetup-profiler-editor-allocator-block-size=1048576"
    "memorysetup-temp-allocator-size-main=16777216"
    "memorysetup-job-temp-allocator-block-size=2097152"
    "memorysetup-job-temp-allocator-block-size-background=1048576"
    "memorysetup-job-temp-allocator-reduction-small-platforms=262144"
    "memorysetup-temp-allocator-size-cloud-worker=32768"
Player connection [23612]  Target information:

Player connection [23612]  * "[IP] 192.168.0.104 [Port] 0 [Flags] 2 [Guid] 3326722612 [EditorId] 3326722612 [Version] 1048832 [Id] WindowsEditor(7,DESKTOP-73FRC69) [Debug] 1 [PackageName] WindowsEditor [ProjectName] Editor" 

Player connection [23612] Host joined multi-casting on [225.0.0.222:54997]...
Player connection [23612] Host joined alternative multi-casting on [225.0.0.222:34997]...
JobSystem: Creating JobQueue using job-worker-count value 5
Input System module state changed to: Initialized.
[Physics::Module] Initialized fallback backend.
[Physics::Module] Id: 0xdecafbad
Library Redirect Path: Library/
[Physics::Module] Selected backend.
[Physics::Module] Name: PhysX
[Physics::Module] Id: 0xf2b8ea05
[Physics::Module] SDK Version: 4.1.2
[Physics::Module] Integration Version: 1.0.0
[Physics::Module] Threading Mode: Multi-Threaded
Refreshing native plugins compatible for Editor in 18.22 ms, found 8 plugins.
Preloading 0 native plugins for Editor in 0.00 ms.
Initialize engine version: 6000.3.9f1 (7a9955a4f2fa)
[Subsystems] Discovering subsystems at path D:/Unity/6000.3.9f1/Editor/Data/Resources/UnitySubsystems
[Subsystems] Discovering subsystems at path D:/2D Game project/Assets
GfxDevice: creating device client; kGfxThreadingModeNonThreaded
Direct3D:
    Version:  Direct3D 11.0 [level 11.1]
    Renderer: NVIDIA GeForce GTX 1060 with Max-Q Design (ID=0x1c20)
    Vendor:   NVIDIA
    VRAM:     6031 MB
    Driver:   32.0.15.8180
Initialize mono
Mono path[0] = 'D:/Unity/6000.3.9f1/Editor/Data/Managed'
Mono path[1] = 'D:/Unity/6000.3.9f1/Editor/Data/MonoBleedingEdge/lib/mono/unityjit-win32'
Mono config path = 'D:/Unity/6000.3.9f1/Editor/Data/MonoBleedingEdge/etc'
Using monoOptions --debugger-agent=transport=dt_socket,embedding=1,server=y,suspend=n,address=127.0.0.1:56480
Begin MonoManager ReloadAssembly
Registering precompiled unity dll's ...
Register platform support module: D:/Unity/6000.3.9f1/Editor/Data/PlaybackEngines/WindowsStandaloneSupport/UnityEditor.WindowsStandalone.Extensions.dll
[Licensing::Module] Licensing is not yet initialized.
[Licensing::Client] Handshaking with LicensingClient:
  Version:                 1.17.4+4293ba1
  Session Id:              0509e356bf10483e862e2a2eb83290a6
  Correlation Id:          7cfb720f61b527f0dd4af767d3fd737a
  External correlation Id: 4613984022131299268
  Machine Id:              ojvnM4JRKiRHVOV/FBHPGkjzrm4=
[Licensing::Module] Successfully connected to LicensingClient on channel: "LicenseClient-dell" (connect: 0.00s, validation: 0.00s, handshake: 2.46s)
[Licensing::IpcConnector] Successfully connected to: "LicenseClient-dell-notifications" at "2026-04-18T14:29:16.0951725Z"
[Licensing::Module] Licensing Background thread has ended after 2.47s
[Licensing::Module] Licensing is initialized (took 0.84s).
[Licensing::Client] Successfully resolved entitlement details
[Licensing::Module] License group:
  Id: 11270640575096-UnityPersXXXX
  Product: Unity Personal
  Type: Assigned
  Expiration: Unlimited
Register platform support module: D:/Unity/6000.3.9f1/Editor/Data/PlaybackEngines/AndroidPlayer/UnityEditor.Android.Extensions.dll
Registered in 0.846899 seconds.
- Loaded All Assemblies, in  1.693 seconds
Native extension for Android target not found
Android Extension - Scanning For ADB Devices 355 ms
Native extension for WindowsStandalone target not found
ScheduleIndexationOnStartup MainProcess:False IndexOnStartup:True
Mono: successfully reloaded assembly
- Finished resetting the current domain, in  1.132 seconds
Domain Reload Profiling: 2824ms
	BeginReloadAssembly (348ms)
		ExecutionOrderSort (0ms)
		DisableScriptedObjects (0ms)
		BackupInstance (0ms)
		ReleaseScriptingObjects (0ms)
		CreateAndSetChildDomain (2ms)
	RebuildCommonClasses (83ms)
	RebuildNativeTypeToScriptingClass (30ms)
	initialDomainReloadingComplete (923ms)
	LoadAllAssembliesAndSetupDomain (308ms)
		LoadAssemblies (341ms)
		RebuildTransferFunctionScriptingTraits (0ms)
		AnalyzeDomain (302ms)
			TypeCache.Refresh (298ms)
				TypeCache.ScanAssembly (274ms)
			BuildScriptInfoCaches (0ms)
			ResolveRequiredComponents (1ms)
	FinalizeReload (1132ms)
		ReleaseScriptCaches (0ms)
		RebuildScriptCaches (0ms)
		SetupLoadedEditorAssemblies (1073ms)
			LogAssemblyErrors (0ms)
			InitializePlatformSupportModulesInManaged (534ms)
			SetLoadedEditorAssemblies (6ms)
			BeforeProcessingInitializeOnLoad (151ms)
			ProcessInitializeOnLoadAttributes (253ms)
			ProcessInitializeOnLoadMethodAttributes (129ms)
			AfterProcessingInitializeOnLoad (0ms)
			EditorAssembliesLoaded (0ms)
		ExecutionOrderSort2 (0ms)
		AwakeInstancesAfterBackupRestoration (0ms)
========================================================================
Worker process is ready to serve import requests
Import Worker Mode flag is 0x00
Begin MonoManager ReloadAssembly
[Licensing::Client] Successfully resolved entitlement details
- Loaded All Assemblies, in  1.476 seconds
Refreshing native plugins compatible for Editor in 5.17 ms, found 8 plugins.
Native extension for Android target not found
Native extension for WindowsStandalone target not found
Package Manager log level set to [2]
[Package Manager] Failed to launch server process. Reason: Unity was launched with the -noUpm command-line argument
[Package Manager] Unable to send message (not connected to server process).
[Package Manager] Cannot connect to Unity Package Manager local server
ScheduleIndexationOnStartup MainProcess:False IndexOnStartup:True
Mono: successfully reloaded assembly
- Finished resetting the current domain, in  1.481 seconds
Domain Reload Profiling: 2955ms
	BeginReloadAssembly (306ms)
		ExecutionOrderSort (0ms)
		DisableScriptedObjects (15ms)
		BackupInstance (0ms)
		ReleaseScriptingObjects (0ms)
		CreateAndSetChildDomain (55ms)
	RebuildCommonClasses (60ms)
	RebuildNativeTypeToScriptingClass (23ms)
	initialDomainReloadingComplete (55ms)
	LoadAllAssembliesAndSetupDomain (1031ms)
		LoadAssemblies (575ms)
		RebuildTransferFunctionScriptingTraits (0ms)
		AnalyzeDomain (614ms)
			TypeCache.Refresh (379ms)
				TypeCache.ScanAssembly (344ms)
			BuildScriptInfoCaches (202ms)
			ResolveRequiredComponents (24ms)
	FinalizeReload (1481ms)
		ReleaseScriptCaches (0ms)
		RebuildScriptCaches (0ms)
		SetupLoadedEditorAssemblies (1221ms)
			LogAssemblyErrors (0ms)
			InitializePlatformSupportModulesInManaged (15ms)
			SetLoadedEditorAssemblies (7ms)
			BeforeProcessingInitializeOnLoad (250ms)
			ProcessInitializeOnLoadAttributes (731ms)
			ProcessInitializeOnLoadMethodAttributes (215ms)
			AfterProcessingInitializeOnLoad (3ms)
			EditorAssembliesLoaded (0ms)
		ExecutionOrderSort2 (0ms)
		AwakeInstancesAfterBackupRestoration (11ms)
Launched and connected shader compiler UnityShaderCompiler.exe after 0.02 seconds
Refreshing native plugins compatible for Editor in 7.62 ms, found 8 plugins.
Preloading 0 native plugins for Editor in 0.00 ms.
Unloading 16 Unused Serialized files (Serialized files now loaded: 0)
Unloading 6975 unused Assets / (4.8 MB). Loaded Objects now: 7790.
Memory consumption went from 156.5 MB to 151.7 MB.
Total: 15.701200 ms (FindLiveObjects: 1.004800 ms CreateObjectMapping: 1.410200 ms MarkObjects: 10.021400 ms  DeleteObjects: 3.263400 ms)

========================================================================
Received Import Request.
  Time since last request: 241144.944191 seconds.
  path: Assets/karsiori/TileMap/Tiles/Tilesheet - WOODS_60.asset
  artifactKey: Guid(71635bfc1cb53bd4c93add28d162422f) Importer(2089858483,b0f066a214c2f5e87bad3c948f4d605d)
Start importing Assets/karsiori/TileMap/Tiles/Tilesheet - WOODS_60.asset using Guid(71635bfc1cb53bd4c93add28d162422f) Importer(2089858483,b0f066a214c2f5e87bad3c948f4d605d) (ScriptedImporter) -> (artifact id: '2d5ddcf8fc3ee051520814ebc28b363b') in 0.1574859 seconds
Number of updated asset objects reloaded before import = 0Number of asset objects unloaded after import = 2

========================================================================
Received Import Request.
  Time since last request: 0.000023 seconds.
  path: Assets/karsiori/TileMap/Tiles/Tilesheet - WOODS_17.asset
  artifactKey: Guid(d0ba0aece1cfe864ca3317c8391ef9b5) Importer(2089858483,b0f066a214c2f5e87bad3c948f4d605d)
Start importing Assets/karsiori/TileMap/Tiles/Tilesheet - WOODS_17.asset using Guid(d0ba0aece1cfe864ca3317c8391ef9b5) Importer(2089858483,b0f066a214c2f5e87bad3c948f4d605d) (ScriptedImporter) -> (artifact id: '4d07e0dace1c8fc1498635be40e450a0') in 0.0279776 seconds
Number of updated asset objects reloaded before import = 0Number of asset objects unloaded after import = 2

========================================================================
Received Import Request.
  Time since last request: 0.000019 seconds.
  path: Assets/karsiori/TileMap/Tiles/Tilesheet - WOODS_84.asset
  artifactKey: Guid(bccdc2471a292c74f8d41f6fc8500c17) Importer(2089858483,b0f066a214c2f5e87bad3c948f4d605d)
Start importing Assets/karsiori/TileMap/Tiles/Tilesheet - WOODS_84.asset using Guid(bccdc2471a292c74f8d41f6fc8500c17) Importer(2089858483,b0f066a214c2f5e87bad3c948f4d605d) (ScriptedImporter) -> (artifact id: '061acdcc0492797689b862ce79dfbaaa') in 0.0177508 seconds
Number of updated asset objects reloaded before import = 0Number of asset objects unloaded after import = 2

========================================================================
Received Import Request.
  Time since last request: 0.000029 seconds.
  path: Assets/karsiori/TileMap/Tiles/Tilesheet - WOODS_83.asset
  artifactKey: Guid(588379265f4151348aae5b925970dc7f) Importer(2089858483,b0f066a214c2f5e87bad3c948f4d605d)
Start importing Assets/karsiori/TileMap/Tiles/Tilesheet - WOODS_83.asset using Guid(588379265f4151348aae5b925970dc7f) Importer(2089858483,b0f066a214c2f5e87bad3c948f4d605d) (ScriptedImporter) -> (artifact id: '54b7eafa73c1b9fc611a6375e0e5f1fc') in 0.0146562 seconds
Number of updated asset objects reloaded before import = 0Number of asset objects unloaded after import = 2

========================================================================
Received Import Request.
  Time since last request: 0.000019 seconds.
  path: Assets/karsiori/TileMap/Backgrounds
  artifactKey: Guid(d74bfa70216838f48920b22d92b9b272) Importer(2089858483,b0f066a214c2f5e87bad3c948f4d605d)
Start importing Assets/karsiori/TileMap/Backgrounds using Guid(d74bfa70216838f48920b22d92b9b272) Importer(2089858483,b0f066a214c2f5e87bad3c948f4d605d) (ScriptedImporter) -> (artifact id: '3c3737e21605efb3d58c3c53c979fd2e') in 0.0099928 seconds
Number of updated asset objects reloaded before import = 0Number of asset objects unloaded after import = 1

========================================================================
Received Import Request.
  Time since last request: 0.000017 seconds.
  path: Assets/karsiori/TileMap/Decorations/GRASS 3-2.png
  artifactKey: Guid(86647a41d202c7d42bb73668e9f329b0) Importer(2089858483,b0f066a214c2f5e87bad3c948f4d605d)
Start importing Assets/karsiori/TileMap/Decorations/GRASS 3-2.png using Guid(86647a41d202c7d42bb73668e9f329b0) Importer(2089858483,b0f066a214c2f5e87bad3c948f4d605d) (ScriptedImporter) -> (artifact id: '2ca202b18562408f6f0d720f4eed005b') in 0.0677785 seconds
Number of updated asset objects reloaded before import = 0Number of asset objects unloaded after import = 3

========================================================================
Received Import Request.
  Time since last request: 0.000021 seconds.
  path: Assets/karsiori/TileMap/Tiles/Tilesheet - WOODS_58.asset
  artifactKey: Guid(04d699b0e5568554f9e270084254616e) Importer(2089858483,b0f066a214c2f5e87bad3c948f4d605d)
Start importing Assets/karsiori/TileMap/Tiles/Tilesheet - WOODS_58.asset using Guid(04d699b0e5568554f9e270084254616e) Importer(2089858483,b0f066a214c2f5e87bad3c948f4d605d) (ScriptedImporter) -> (artifact id: '7e5e27b655c7d6f32ad985be8b1ad538') in 0.0157203 seconds
Number of updated asset objects reloaded before import = 0Number of asset objects unloaded after import = 2

========================================================================
Received Import Request.
  Time since last request: 0.000031 seconds.
  path: Assets/Animations/EnemyIdle.anim
  artifactKey: Guid(9e163c22a72955f4da68af2285077398) Importer(2089858483,b0f066a214c2f5e87bad3c948f4d605d)
Start importing Assets/Animations/EnemyIdle.anim using Guid(9e163c22a72955f4da68af2285077398) Importer(2089858483,b0f066a214c2f5e87bad3c948f4d605d) (ScriptedImporter) -> (artifact id: '5c98d99bb85290a65bdd370fb62345c2') in 0.0172339 seconds
Number of updated asset objects reloaded before import = 0Number of asset objects unloaded after import = 1

========================================================================
Received Import Request.
  Time since last request: 0.000020 seconds.
  path: Assets/karsiori/TileMap/Tiles/Tilesheet - WOODS_59.asset
  artifactKey: Guid(18b9aafa1f6d69f4fba252f4f7537fc1) Importer(2089858483,b0f066a214c2f5e87bad3c948f4d605d)
Start importing Assets/karsiori/TileMap/Tiles/Tilesheet - WOODS_59.asset using Guid(18b9aafa1f6d69f4fba252f4f7537fc1) Importer(2089858483,b0f066a214c2f5e87bad3c948f4d605d) (ScriptedImporter) -> (artifact id: 'c12b826c828642656db06fd391ddcebe') in 0.0149674 seconds
Number of updated asset objects reloaded before import = 0Number of asset objects unloaded after import = 2

========================================================================
Received Import Request.
  Time since last request: 0.000018 seconds.
  path: Assets/karsiori/TileMap/Decorations/GRASS 2-1.png
  artifactKey: Guid(978dc763e47067149be399903ad6addb) Importer(2089858483,b0f066a214c2f5e87bad3c948f4d605d)
Start importing Assets/karsiori/TileMap/Decorations/GRASS 2-1.png using Guid(978dc763e47067149be399903ad6addb) Importer(2089858483,b0f066a214c2f5e87bad3c948f4d605d) (ScriptedImporter) -> (artifact id: '1c5cfc90c95479e7329852131ad56ba5') in 0.0225879 seconds
Number of updated asset objects reloaded before import = 0Number of asset objects unloaded after import = 3

========================================================================
Received Import Request.
  Time since last request: 0.000022 seconds.
  path: Assets/karsiori/TileMap/Tiles/Tilesheet - WOODS_48.asset
  artifactKey: Guid(922baf4a166a73d4ab3600ffe6c863ac) Importer(2089858483,b0f066a214c2f5e87bad3c948f4d605d)
Start importing Assets/karsiori/TileMap/Tiles/Tilesheet - WOODS_48.asset using Guid(922baf4a166a73d4ab3600ffe6c863ac) Importer(2089858483,b0f066a214c2f5e87bad3c948f4d605d) (ScriptedImporter) -> (artifact id: '4601b1a78c3fcafa4e4f73f3c970079f') in 0.0128792 seconds
Number of updated asset objects reloaded before import = 0Number of asset objects unloaded after import = 2

========================================================================
Received Import Request.
  Time since last request: 0.000041 seconds.
  path: Assets/karsiori/TileMap/Decorations/MUSHROOM 1-2.png
  artifactKey: Guid(86a1d6e5913974b46810fb24e91348a5) Importer(2089858483,b0f066a214c2f5e87bad3c948f4d605d)
Start importing Assets/karsiori/TileMap/Decorations/MUSHROOM 1-2.png using Guid(86a1d6e5913974b46810fb24e91348a5) Importer(2089858483,b0f066a214c2f5e87bad3c948f4d605d) (ScriptedImporter) -> (artifact id: '290415695d25aa361b242c8199e87fd3') in 0.0208603 seconds
Number of updated asset objects reloaded before import = 0Number of asset objects unloaded after import = 3

========================================================================
Received Import Request.
  Time since last request: 0.000028 seconds.
  path: Assets/Audio/326786__johnbuhr__sword_clash-16.wav
  artifactKey: Guid(219a4f1eac96e6f488d662e08d25a509) Importer(2089858483,b0f066a214c2f5e87bad3c948f4d605d)
Start importing Assets/Audio/326786__johnbuhr__sword_clash-16.wav using Guid(219a4f1eac96e6f488d662e08d25a509) Importer(2089858483,b0f066a214c2f5e87bad3c948f4d605d) (ScriptedImporter) -> (artifact id: '52e04fabd504e0f7b3160c2fb6d5d099') in 0.0392056 seconds
Number of updated asset objects reloaded before import = 0Number of asset objects unloaded after import = 1

========================================================================
Received Import Request.
  Time since last request: 0.000020 seconds.
  path: Assets/karsiori/TileMap/Tiles/Tilesheet - WOODS_46.asset
  artifactKey: Guid(ed23f2ec3411a8b4082d0c0ce32e7b81) Importer(2089858483,b0f066a214c2f5e87bad3c948f4d605d)
Start importing Assets/karsiori/TileMap/Tiles/Tilesheet - WOODS_46.asset using Guid(ed23f2ec3411a8b4082d0c0ce32e7b81) Importer(2089858483,b0f066a214c2f5e87bad3c948f4d605d) (ScriptedImporter) -> (artifact id: '5b6a1088063e18153eb1b8fba3237bd1') in 0.0159491 seconds
Number of updated asset objects reloaded before import = 0Number of asset objects unloaded after import = 2

========================================================================
Received Import Request.
  Time since last request: 0.000019 seconds.
  path: Assets/karsiori/TileMap/Decorations/MUSHROOM 1-1.png
  artifactKey: Guid(d45bba719c38eef499144f2e7a1d042f) Importer(2089858483,b0f066a214c2f5e87bad3c948f4d605d)
Start importing Assets/karsiori/TileMap/Decorations/MUSHROOM 1-1.png using Guid(d45bba719c38eef499144f2e7a1d042f) Importer(2089858483,b0f066a214c2f5e87bad3c948f4d605d) (ScriptedImporter) -> (artifact id: '1c2065bf0a5056f81759df9a22ef6e6a') in 0.0180538 seconds
Number of updated asset objects reloaded before import = 0Number of asset objects unloaded after import = 3

========================================================================
Received Import Request.
  Time since last request: 0.000020 seconds.
  path: Assets/karsiori/TileMap/Tiles/Tilesheet - WOODS_9.asset
  artifactKey: Guid(b467cdb774d96404ab0bf719c7daff20) Importer(2089858483,b0f066a214c2f5e87bad3c948f4d605d)
Start importing Assets/karsiori/TileMap/Tiles/Tilesheet - WOODS_9.asset using Guid(b467cdb774d96404ab0bf719c7daff20) Importer(2089858483,b0f066a214c2f5e87bad3c948f4d605d) (ScriptedImporter) -> (artifact id: '7fc30b0c51557410b8fff6339d2cb88a') in 0.0143455 seconds
Number of updated asset objects reloaded before import = 0Number of asset objects unloaded after import = 2

========================================================================
Received Import Request.
  Time since last request: 0.000034 seconds.
  path: Assets/karsiori/TileMap/Tiles/Tilesheet - WOODS_74.asset
  artifactKey: Guid(3061cf2f556e3f84989a17004da8c87c) Importer(2089858483,b0f066a214c2f5e87bad3c948f4d605d)
Start importing Assets/karsiori/TileMap/Tiles/Tilesheet - WOODS_74.asset using Guid(3061cf2f556e3f84989a17004da8c87c) Importer(2089858483,b0f066a214c2f5e87bad3c948f4d605d) (ScriptedImporter) -> (artifact id: '4a3e8fcde6486830da4c54e35b5bc1e4') in 0.0142013 seconds
Number of updated asset objects reloaded before import = 0Number of asset objects unloaded after import = 2

========================================================================
Received Import Request.
  Time since last request: 0.000022 seconds.
  path: Assets/karsiori/Scenes/SampleScene - Woods Tileset and Background.unity
  artifactKey: Guid(764e043283de81d469e5f3c87051b1ef) Importer(2089858483,b0f066a214c2f5e87bad3c948f4d605d)
Start importing Assets/karsiori/Scenes/SampleScene - Woods Tileset and Background.unity using Guid(764e043283de81d469e5f3c87051b1ef) Importer(2089858483,b0f066a214c2f5e87bad3c948f4d605d) (ScriptedImporter) -> (artifact id: '7249c9aa7ef31bab8fccd97f5058d34a') in 0.0234453 seconds
Number of updated asset objects reloaded before import = 0Number of asset objects unloaded after import = 1

========================================================================
Received Import Request.
  Time since last request: 0.000020 seconds.
  path: Assets/karsiori/TileMap/Tiles/Tilesheet - WOODS_62.asset
  artifactKey: Guid(faea2e6c5379be3489f734414daa59f7) Importer(2089858483,b0f066a214c2f5e87bad3c948f4d605d)
Start importing Assets/karsiori/TileMap/Tiles/Tilesheet - WOODS_62.asset using Guid(faea2e6c5379be3489f734414daa59f7) Importer(2089858483,b0f066a214c2f5e87bad3c948f4d605d) (ScriptedImporter) -> (artifact id: '3e4e257a2a8a0dc7559f587f5835904e') in 0.0167818 seconds
Number of updated asset objects reloaded before import = 0Number of asset objects unloaded after import = 2

========================================================================
Received Import Request.
  Time since last request: 0.000024 seconds.
  path: Assets/karsiori/TileMap/Tiles/Tilesheet - WOODS_65.asset
  artifactKey: Guid(9a2c4bd459586f145acf8cedccb4af24) Importer(2089858483,b0f066a214c2f5e87bad3c948f4d605d)
Start importing Assets/karsiori/TileMap/Tiles/Tilesheet - WOODS_65.asset using Guid(9a2c4bd459586f145acf8cedccb4af24) Importer(2089858483,b0f066a214c2f5e87bad3c948f4d605d) (ScriptedImporter) -> (artifact id: 'a7ca464ba4e2164701e1f66288a2724f') in 0.078248 seconds
Number of updated asset objects reloaded before import = 0Number of asset objects unloaded after import = 2

========================================================================
Received Import Request.
  Time since last request: 0.000047 seconds.
  path: Assets/karsiori/TileMap/Tiles/Tilesheet - WOODS_3.asset
  artifactKey: Guid(0e842ce1003dd0e4faef6ac30bca5bf6) Importer(2089858483,b0f066a214c2f5e87bad3c948f4d605d)
Start importing Assets/karsiori/TileMap/Tiles/Tilesheet - WOODS_3.asset using Guid(0e842ce1003dd0e4faef6ac30bca5bf6) Importer(2089858483,b0f066a214c2f5e87bad3c948f4d605d) (ScriptedImporter) -> (artifact id: 'f3c24baa557ff564473fd438a51b4df4') in 0.0191636 seconds
Number of updated asset objects reloaded before import = 0Number of asset objects unloaded after import = 2

========================================================================
Received Import Request.
  Time since last request: 0.000022 seconds.
  path: Assets/Audio/223154__yoyodaman234__dirtgravel-footstep-3.wav
  artifactKey: Guid(02e3bf4506fc02c438f6cd0c2e5480f4) Importer(2089858483,b0f066a214c2f5e87bad3c948f4d605d)
Start importing Assets/Audio/223154__yoyodaman234__dirtgravel-footstep-3.wav using Guid(02e3bf4506fc02c438f6cd0c2e5480f4) Importer(2089858483,b0f066a214c2f5e87bad3c948f4d605d) (ScriptedImporter) -> (artifact id: '8773929182620b7f79a3e51f08ead0e6') in 0.0297195 seconds
Number of updated asset objects reloaded before import = 0Number of asset objects unloaded after import = 1

========================================================================
Received Import Request.
  Time since last request: 0.000022 seconds.
  path: Assets/karsiori/TileMap/Tiles/Tilesheet - WOODS_18.asset
  artifactKey: Guid(077ce259dc0997241be9e537bf5662dc) Importer(2089858483,b0f066a214c2f5e87bad3c948f4d605d)
Start importing Assets/karsiori/TileMap/Tiles/Tilesheet - WOODS_18.asset using Guid(077ce259dc0997241be9e537bf5662dc) Importer(2089858483,b0f066a214c2f5e87bad3c948f4d605d) (ScriptedImporter) -> (artifact id: 'ec2ce48cd2fc0d2f334736b877ee0c87') in 0.0143833 seconds
Number of updated asset objects reloaded before import = 0Number of asset objects unloaded after import = 2

========================================================================
Received Import Request.
  Time since last request: 0.000026 seconds.
  path: Assets/karsiori/TileMap/Tiles/Tilesheet - WOODS_7.asset
  artifactKey: Guid(06a13e209e31d4e4783bef0cf85ff5e9) Importer(2089858483,b0f066a214c2f5e87bad3c948f4d605d)
Start importing Assets/karsiori/TileMap/Tiles/Tilesheet - WOODS_7.asset using Guid(06a13e209e31d4e4783bef0cf85ff5e9) Importer(2089858483,b0f066a214c2f5e87bad3c948f4d605d) (ScriptedImporter) -> (artifact id: '3e80285428140e0b669e0b515bda589c') in 0.0175617 seconds
Number of updated asset objects reloaded before import = 0Number of asset objects unloaded after import = 2

========================================================================
Received Import Request.
  Time since last request: 0.000029 seconds.
  path: Assets/karsiori/TileMap/Tiles/Tilesheet - WOODS_33.asset
  artifactKey: Guid(0aa13be0b5503e44994aa2ccd46e3e8d) Importer(2089858483,b0f066a214c2f5e87bad3c948f4d605d)
Start importing Assets/karsiori/TileMap/Tiles/Tilesheet - WOODS_33.asset using Guid(0aa13be0b5503e44994aa2ccd46e3e8d) Importer(2089858483,b0f066a214c2f5e87bad3c948f4d605d) (ScriptedImporter) -> (artifact id: '37c1f6ce7401bb5344ff1f0285bde192') in 0.0144598 seconds
Number of updated asset objects reloaded before import = 0Number of asset objects unloaded after import = 2

========================================================================
Received Import Request.
  Time since last request: 12.544380 seconds.
  path: Assets/Scenes/MainPrototype.unity
  artifactKey: Guid(e5d8062c91b39664faae0adda74d7c00) Importer(2089858483,b0f066a214c2f5e87bad3c948f4d605d)
Start importing Assets/Scenes/MainPrototype.unity using Guid(e5d8062c91b39664faae0adda74d7c00) Importer(2089858483,b0f066a214c2f5e87bad3c948f4d605d) (ScriptedImporter) -> (artifact id: '7eeb6b34c2c3b941833b8f2636004c8d') in 0.0160081 seconds
Number of updated asset objects reloaded before import = 0Number of asset objects unloaded after import = 1

