[Licensing::Module] Trying to connect to existing licensing client channel...
Built from '6000.3/staging' branch; Version is '6000.3.9f1 (7a9955a4f2fa) revision 8034645'; Using compiler version '194234433'; Build Type 'Release'
OS: 'Windows 11  (10.0.26200) Professional' Language: 'en' Physical Memory: 32557 MB
[Licensing::IpcConnector] Successfully connected to: "LicenseClient-dell" at "2026-04-12T16:25:49.6376297Z"
BatchMode: 1, IsHumanControllingUs: 0, StartBugReporterOnCrash: 0, Is64bit: 1
System  architecture: x64
Process architecture: x64
Date: 2026-04-12T16:25:49Z

COMMAND LINE ARGUMENTS:
D:\Unity\6000.3.9f1\Editor\Unity.exe
-adb2
-batchMode
-noUpm
-name
AssetImportWorker3
-projectPath
D:/2D Game project
-logFile
Logs/AssetImportWorker3.log
-srvPort
53295
-licensingIpc
LicenseClient-dell
-job-worker-count
5
-background-job-worker-count
8
-gc-helper-count
1
-name
AssetImport
Successfully changed project path to: D:/2D Game project
D:/2D Game project
[UnityMemory] Configuration Parameters - Can be set up in boot.config
    "memorysetup-temp-allocator-size-nav-mesh-worker=65536"
    "memorysetup-temp-allocator-size-audio-worker=65536"
    "memorysetup-temp-allocator-size-gfx=262144"
    "memorysetup-allocator-temp-initial-block-size-main=262144"
    "memorysetup-allocator-temp-initial-block-size-worker=262144"
    "memorysetup-temp-allocator-size-background-worker=32768"
    "memorysetup-temp-allocator-size-job-worker=262144"
    "memorysetup-temp-allocator-size-preload-manager=33554432"
    "memorysetup-temp-allocator-size-gi-baking-worker=262144"
    "memorysetup-temp-allocator-size-gi-baking-worker=262144"
    "memorysetup-temp-allocator-size-gi-baking-worker=262144"
    "memorysetup-temp-allocator-size-gi-baking-worker=262144"
    "memorysetup-temp-allocator-size-gi-baking-worker=262144"
    "memorysetup-bucket-allocator-granularity=16"
    "memorysetup-bucket-allocator-bucket-count=8"
    "memorysetup-bucket-allocator-block-size=33554432"
    "memorysetup-bucket-allocator-block-count=8"
    "memorysetup-main-allocator-block-size=16777216"
    "memorysetup-thread-allocator-block-size=16777216"
    "memorysetup-gfx-main-allocator-block-size=16777216"
    "memorysetup-gfx-thread-allocator-block-size=16777216"
    "memorysetup-cache-allocator-block-size=4194304"
    "memorysetup-typetree-allocator-block-size=2097152"
    "memorysetup-profiler-bucket-allocator-granularity=16"
    "memorysetup-profiler-bucket-allocator-bucket-count=8"
    "memorysetup-profiler-bucket-allocator-block-size=33554432"
    "memorysetup-profiler-bucket-allocator-block-count=8"
    "memorysetup-profiler-allocator-block-size=16777216"
    "memorysetup-profiler-editor-allocator-block-size=1048576"
    "memorysetup-temp-allocator-size-main=16777216"
    "memorysetup-job-temp-allocator-block-size=2097152"
    "memorysetup-job-temp-allocator-block-size-background=1048576"
    "memorysetup-job-temp-allocator-reduction-small-platforms=262144"
    "memorysetup-temp-allocator-size-cloud-worker=32768"
Player connection [588]  Target information:

Player connection [588]  * "[IP] 192.168.0.103 [Port] 0 [Flags] 2 [Guid] 2082809586 [EditorId] 2082809586 [Version] 1048832 [Id] WindowsEditor(7,DESKTOP-73FRC69) [Debug] 1 [PackageName] WindowsEditor [ProjectName] Editor" 

Player connection [588] Host joined multi-casting on [225.0.0.222:54997]...
Player connection [588] Host joined alternative multi-casting on [225.0.0.222:34997]...
JobSystem: Creating JobQueue using job-worker-count value 5
Input System module state changed to: Initialized.
[Physics::Module] Initialized fallback backend.
[Physics::Module] Id: 0xdecafbad
Library Redirect Path: Library/
[Physics::Module] Selected backend.
[Physics::Module] Name: PhysX
[Physics::Module] Id: 0xf2b8ea05
[Physics::Module] SDK Version: 4.1.2
[Physics::Module] Integration Version: 1.0.0
[Physics::Module] Threading Mode: Multi-Threaded
Refreshing native plugins compatible for Editor in 4.61 ms, found 4 plugins.
Preloading 0 native plugins for Editor in 0.00 ms.
Initialize engine version: 6000.3.9f1 (7a9955a4f2fa)
[Subsystems] Discovering subsystems at path D:/Unity/6000.3.9f1/Editor/Data/Resources/UnitySubsystems
[Subsystems] Discovering subsystems at path D:/2D Game project/Assets
GfxDevice: creating device client; kGfxThreadingModeNonThreaded
Direct3D:
    Version:  Direct3D 11.0 [level 11.1]
    Renderer: NVIDIA GeForce GTX 1060 with Max-Q Design (ID=0x1c20)
    Vendor:   NVIDIA
    VRAM:     6031 MB
    Driver:   32.0.15.8180
Initialize mono
Mono path[0] = 'D:/Unity/6000.3.9f1/Editor/Data/Managed'
Mono path[1] = 'D:/Unity/6000.3.9f1/Editor/Data/MonoBleedingEdge/lib/mono/unityjit-win32'
Mono config path = 'D:/Unity/6000.3.9f1/Editor/Data/MonoBleedingEdge/etc'
Using monoOptions --debugger-agent=transport=dt_socket,embedding=1,server=y,suspend=n,address=127.0.0.1:56136
Begin MonoManager ReloadAssembly
Registering precompiled unity dll's ...
Register platform support module: D:/Unity/6000.3.9f1/Editor/Data/PlaybackEngines/WindowsStandaloneSupport/UnityEditor.WindowsStandalone.Extensions.dll
[Licensing::Module] Licensing is not yet initialized.
[Licensing::Client] Handshaking with LicensingClient:
  Version:                 1.17.4+4293ba1
  Session Id:              62442f387dd24b7491573836a8ace689
  Correlation Id:          39e9dd80fbeb55f2283534e28faeb906
  External correlation Id: 8557604413580517399
  Machine Id:              ojvnM4JRKiRHVOV/FBHPGkjzrm4=
[Licensing::Module] Successfully connected to LicensingClient on channel: "LicenseClient-dell" (connect: 0.00s, validation: 0.00s, handshake: 2.21s)
[Licensing::IpcConnector] Successfully connected to: "LicenseClient-dell-notifications" at "2026-04-12T16:25:51.8455538Z"
[Licensing::Module] Licensing Background thread has ended after 2.21s
[Licensing::Module] Licensing is initialized (took 0.82s).
[Licensing::Client] Successfully resolved entitlement details
[Licensing::Module] License group:
  Id: 11270640575096-UnityPersXXXX
  Product: Unity Personal
  Type: Assigned
  Expiration: Unlimited
Register platform support module: D:/Unity/6000.3.9f1/Editor/Data/PlaybackEngines/AndroidPlayer/UnityEditor.Android.Extensions.dll
Registered in 0.830121 seconds.
- Loaded All Assemblies, in  1.540 seconds
Native extension for Android target not found
Android Extension - Scanning For ADB Devices 410 ms
Native extension for WindowsStandalone target not found
ScheduleIndexationOnStartup MainProcess:False IndexOnStartup:True
Mono: successfully reloaded assembly
- Finished resetting the current domain, in  1.263 seconds
Domain Reload Profiling: 2802ms
	BeginReloadAssembly (255ms)
		ExecutionOrderSort (0ms)
		DisableScriptedObjects (0ms)
		BackupInstance (0ms)
		ReleaseScriptingObjects (0ms)
		CreateAndSetChildDomain (1ms)
	RebuildCommonClasses (65ms)
	RebuildNativeTypeToScriptingClass (24ms)
	initialDomainReloadingComplete (895ms)
	LoadAllAssembliesAndSetupDomain (300ms)
		LoadAssemblies (255ms)
		RebuildTransferFunctionScriptingTraits (0ms)
		AnalyzeDomain (293ms)
			TypeCache.Refresh (290ms)
				TypeCache.ScanAssembly (267ms)
			BuildScriptInfoCaches (0ms)
			ResolveRequiredComponents (1ms)
	FinalizeReload (1263ms)
		ReleaseScriptCaches (0ms)
		RebuildScriptCaches (0ms)
		SetupLoadedEditorAssemblies (1169ms)
			LogAssemblyErrors (0ms)
			InitializePlatformSupportModulesInManaged (596ms)
			SetLoadedEditorAssemblies (8ms)
			BeforeProcessingInitializeOnLoad (160ms)
			ProcessInitializeOnLoadAttributes (285ms)
			ProcessInitializeOnLoadMethodAttributes (120ms)
			AfterProcessingInitializeOnLoad (0ms)
			EditorAssembliesLoaded (0ms)
		ExecutionOrderSort2 (0ms)
		AwakeInstancesAfterBackupRestoration (0ms)
========================================================================
Worker process is ready to serve import requests
Import Worker Mode flag is 0x00
Begin MonoManager ReloadAssembly
[Licensing::Client] Successfully resolved entitlement details
- Loaded All Assemblies, in  1.262 seconds
Refreshing native plugins compatible for Editor in 1.60 ms, found 4 plugins.
Native extension for Android target not found
Native extension for WindowsStandalone target not found
Package Manager log level set to [2]
[Package Manager] Failed to launch server process. Reason: Unity was launched with the -noUpm command-line argument
[Package Manager] Unable to send message (not connected to server process).
[Package Manager] Cannot connect to Unity Package Manager local server
ScheduleIndexationOnStartup MainProcess:False IndexOnStartup:True
Mono: successfully reloaded assembly
- Finished resetting the current domain, in  1.310 seconds
Domain Reload Profiling: 2571ms
	BeginReloadAssembly (277ms)
		ExecutionOrderSort (0ms)
		DisableScriptedObjects (12ms)
		BackupInstance (0ms)
		ReleaseScriptingObjects (0ms)
		CreateAndSetChildDomain (52ms)
	RebuildCommonClasses (59ms)
	RebuildNativeTypeToScriptingClass (20ms)
	initialDomainReloadingComplete (52ms)
	LoadAllAssembliesAndSetupDomain (852ms)
		LoadAssemblies (499ms)
		RebuildTransferFunctionScriptingTraits (0ms)
		AnalyzeDomain (499ms)
			TypeCache.Refresh (327ms)
				TypeCache.ScanAssembly (301ms)
			BuildScriptInfoCaches (141ms)
			ResolveRequiredComponents (24ms)
	FinalizeReload (1311ms)
		ReleaseScriptCaches (0ms)
		RebuildScriptCaches (0ms)
		SetupLoadedEditorAssemblies (1036ms)
			LogAssemblyErrors (0ms)
			InitializePlatformSupportModulesInManaged (17ms)
			SetLoadedEditorAssemblies (7ms)
			BeforeProcessingInitializeOnLoad (253ms)
			ProcessInitializeOnLoadAttributes (554ms)
			ProcessInitializeOnLoadMethodAttributes (201ms)
			AfterProcessingInitializeOnLoad (3ms)
			EditorAssembliesLoaded (0ms)
		ExecutionOrderSort2 (0ms)
		AwakeInstancesAfterBackupRestoration (12ms)
Launched and connected shader compiler UnityShaderCompiler.exe after 0.02 seconds
Refreshing native plugins compatible for Editor in 1.78 ms, found 4 plugins.
Preloading 0 native plugins for Editor in 0.00 ms.
Unloading 16 Unused Serialized files (Serialized files now loaded: 0)
Unloading 6928 unused Assets / (5.7 MB). Loaded Objects now: 7764.
Memory consumption went from 155.5 MB to 149.8 MB.
Total: 15.723000 ms (FindLiveObjects: 1.275800 ms CreateObjectMapping: 2.349600 ms MarkObjects: 8.169500 ms  DeleteObjects: 3.927000 ms)

========================================================================
Received Import Request.
  Time since last request: 419222.722114 seconds.
  path: Assets/MMDevelopers/DarkWolf_2d/Art/Sprites/Attack/LoboSombriuAttack0004.png
  artifactKey: Guid(3526c33af5b23944eb9c3e46d4608515) Importer(815301076,1909f56bfc062723c751e8b465ee728b)
Start importing Assets/MMDevelopers/DarkWolf_2d/Art/Sprites/Attack/LoboSombriuAttack0004.png using Guid(3526c33af5b23944eb9c3e46d4608515) Importer(815301076,1909f56bfc062723c751e8b465ee728b) (PreviewImporter) -> (artifact id: '8aaf24047e94db625fbe5fe7397afd01') in 0.1582195 seconds
Number of updated asset objects reloaded before import = 0Number of asset objects unloaded after import = 3

========================================================================
Received Import Request.
  Time since last request: 0.000038 seconds.
  path: Assets/MMDevelopers/DarkWolf_2d/Art/Sprites/Attack/LoboSombriuAttack0008.png
  artifactKey: Guid(44975d05d903351498d0e666fb026a86) Importer(815301076,1909f56bfc062723c751e8b465ee728b)
Start importing Assets/MMDevelopers/DarkWolf_2d/Art/Sprites/Attack/LoboSombriuAttack0008.png using Guid(44975d05d903351498d0e666fb026a86) Importer(815301076,1909f56bfc062723c751e8b465ee728b) (PreviewImporter) -> (artifact id: 'b856f74858a7752591d31176d8a70d7f') in 0.0225121 seconds
Number of updated asset objects reloaded before import = 0Number of asset objects unloaded after import = 3

========================================================================
Received Import Request.
  Time since last request: 0.000090 seconds.
  path: Assets/MMDevelopers/DarkWolf_2d/Art/Sprites/Attack/LoboSombriuAttack0013.png
  artifactKey: Guid(e9523b75825c3bc49a8e21e3fce82f1d) Importer(815301076,1909f56bfc062723c751e8b465ee728b)
Start importing Assets/MMDevelopers/DarkWolf_2d/Art/Sprites/Attack/LoboSombriuAttack0013.png using Guid(e9523b75825c3bc49a8e21e3fce82f1d) Importer(815301076,1909f56bfc062723c751e8b465ee728b) (PreviewImporter) -> (artifact id: 'bc7968944de2e41b3304053f36d2e5aa') in 0.0227099 seconds
Number of updated asset objects reloaded before import = 0Number of asset objects unloaded after import = 3

========================================================================
Received Import Request.
  Time since last request: 20.784967 seconds.
  path: Assets/MMDevelopers/DarkWolf_2d/Art/Sprites/Idlle/LoboSombriuIdlle0004.png
  artifactKey: Guid(423ba7f820a5bf24ab991af0cbf79c00) Importer(815301076,1909f56bfc062723c751e8b465ee728b)
Start importing Assets/MMDevelopers/DarkWolf_2d/Art/Sprites/Idlle/LoboSombriuIdlle0004.png using Guid(423ba7f820a5bf24ab991af0cbf79c00) Importer(815301076,1909f56bfc062723c751e8b465ee728b) (PreviewImporter) -> (artifact id: '1348585b936705a796083e872cb5cbe5') in 0.0591509 seconds
Number of updated asset objects reloaded before import = 0Number of asset objects unloaded after import = 3

========================================================================
Received Import Request.
  Time since last request: 4.404144 seconds.
  path: Assets/MMDevelopers/DarkWolf_2d/Art/Sprites/Run/LoboSombriuRun0004.png
  artifactKey: Guid(e70bedf7b87a8a94d955498f0c141a2b) Importer(815301076,1909f56bfc062723c751e8b465ee728b)
Start importing Assets/MMDevelopers/DarkWolf_2d/Art/Sprites/Run/LoboSombriuRun0004.png using Guid(e70bedf7b87a8a94d955498f0c141a2b) Importer(815301076,1909f56bfc062723c751e8b465ee728b) (PreviewImporter) -> (artifact id: 'e334a66ba41f74ee1f17d8f780948777') in 0.027274 seconds
Number of updated asset objects reloaded before import = 0Number of asset objects unloaded after import = 3

========================================================================
Received Import Request.
  Time since last request: 0.000029 seconds.
  path: Assets/MMDevelopers/DarkWolf_2d/Art/Sprites/Run/LoboSombriuRun0010.png
  artifactKey: Guid(4dca93342e1c4264d85404710f6887b4) Importer(815301076,1909f56bfc062723c751e8b465ee728b)
Start importing Assets/MMDevelopers/DarkWolf_2d/Art/Sprites/Run/LoboSombriuRun0010.png using Guid(4dca93342e1c4264d85404710f6887b4) Importer(815301076,1909f56bfc062723c751e8b465ee728b) (PreviewImporter) -> (artifact id: '706e8357702b89a817f457f9a9a758c4') in 0.0242964 seconds
Number of updated asset objects reloaded before import = 0Number of asset objects unloaded after import = 3

========================================================================
Received Import Request.
  Time since last request: 0.000033 seconds.
  path: Assets/MMDevelopers/DarkWolf_2d/Art/Sprites/Run/LoboSombriuRun0012.png
  artifactKey: Guid(5967288c737f57a4abb658d5089a3dc6) Importer(815301076,1909f56bfc062723c751e8b465ee728b)
Start importing Assets/MMDevelopers/DarkWolf_2d/Art/Sprites/Run/LoboSombriuRun0012.png using Guid(5967288c737f57a4abb658d5089a3dc6) Importer(815301076,1909f56bfc062723c751e8b465ee728b) (PreviewImporter) -> (artifact id: '2b683136bf565720284bcb1f7a7c94e1') in 0.0247029 seconds
Number of updated asset objects reloaded before import = 0Number of asset objects unloaded after import = 3

Editor requested this worker to shutdown with reason: Scaling down because of idle timeout
AssetImportWorker is now disconnected from the server
Process exiting
Exiting without the bug reporter. Application will terminate with return code 0