[Licensing::Module] Trying to connect to existing licensing client channel...
Built from '6000.3/staging' branch; Version is '6000.3.9f1 (7a9955a4f2fa) revision 8034645'; Using compiler version '194234433'; Build Type 'Release'
OS: 'Windows 11  (10.0.26200) Professional' Language: 'en' Physical Memory: 24365 MB
[Licensing::IpcConnector] Successfully connected to: "LicenseClient-dell" at "2026-04-06T19:04:44.3045552Z"
BatchMode: 1, IsHumanControllingUs: 0, StartBugReporterOnCrash: 0, Is64bit: 1
System  architecture: x64
Process architecture: x64
Date: 2026-04-06T19:04:44Z

COMMAND LINE ARGUMENTS:
D:\Unity\6000.3.9f1\Editor\Unity.exe
-adb2
-batchMode
-noUpm
-name
AssetImportWorker1
-projectPath
D:/2D Game project
-logFile
Logs/AssetImportWorker1.log
-srvPort
49673
-licensingIpc
LicenseClient-dell
-job-worker-count
5
-background-job-worker-count
8
-gc-helper-count
1
-name
AssetImport
Successfully changed project path to: D:/2D Game project
D:/2D Game project
[UnityMemory] Configuration Parameters - Can be set up in boot.config
    "memorysetup-temp-allocator-size-nav-mesh-worker=65536"
    "memorysetup-temp-allocator-size-audio-worker=65536"
    "memorysetup-temp-allocator-size-gfx=262144"
    "memorysetup-allocator-temp-initial-block-size-main=262144"
    "memorysetup-allocator-temp-initial-block-size-worker=262144"
    "memorysetup-temp-allocator-size-background-worker=32768"
    "memorysetup-temp-allocator-size-job-worker=262144"
    "memorysetup-temp-allocator-size-preload-manager=33554432"
    "memorysetup-temp-allocator-size-gi-baking-worker=262144"
    "memorysetup-temp-allocator-size-gi-baking-worker=262144"
    "memorysetup-temp-allocator-size-gi-baking-worker=262144"
    "memorysetup-temp-allocator-size-gi-baking-worker=262144"
    "memorysetup-temp-allocator-size-gi-baking-worker=262144"
    "memorysetup-bucket-allocator-granularity=16"
    "memorysetup-bucket-allocator-bucket-count=8"
    "memorysetup-bucket-allocator-block-size=33554432"
    "memorysetup-bucket-allocator-block-count=8"
    "memorysetup-main-allocator-block-size=16777216"
    "memorysetup-thread-allocator-block-size=16777216"
    "memorysetup-gfx-main-allocator-block-size=16777216"
    "memorysetup-gfx-thread-allocator-block-size=16777216"
    "memorysetup-cache-allocator-block-size=4194304"
    "memorysetup-typetree-allocator-block-size=2097152"
    "memorysetup-profiler-bucket-allocator-granularity=16"
    "memorysetup-profiler-bucket-allocator-bucket-count=8"
    "memorysetup-profiler-bucket-allocator-block-size=33554432"
    "memorysetup-profiler-bucket-allocator-block-count=8"
    "memorysetup-profiler-allocator-block-size=16777216"
    "memorysetup-profiler-editor-allocator-block-size=1048576"
    "memorysetup-temp-allocator-size-main=16777216"
    "memorysetup-job-temp-allocator-block-size=2097152"
    "memorysetup-job-temp-allocator-block-size-background=1048576"
    "memorysetup-job-temp-allocator-reduction-small-platforms=262144"
    "memorysetup-temp-allocator-size-cloud-worker=32768"
Player connection [21776]  Target information:

Player connection [21776]  * "[IP] 192.168.0.103 [Port] 0 [Flags] 2 [Guid] 3603451674 [EditorId] 3603451674 [Version] 1048832 [Id] WindowsEditor(7,DESKTOP-73FRC69) [Debug] 1 [PackageName] WindowsEditor [ProjectName] Editor" 

Player connection [21776] Host joined multi-casting on [225.0.0.222:54997]...
Player connection [21776] Host joined alternative multi-casting on [225.0.0.222:34997]...
JobSystem: Creating JobQueue using job-worker-count value 5
Input System module state changed to: Initialized.
[Physics::Module] Initialized fallback backend.
[Physics::Module] Id: 0xdecafbad
Library Redirect Path: Library/
[Physics::Module] Selected backend.
[Physics::Module] Name: PhysX
[Physics::Module] Id: 0xf2b8ea05
[Physics::Module] SDK Version: 4.1.2
[Physics::Module] Integration Version: 1.0.0
[Physics::Module] Threading Mode: Multi-Threaded
Refreshing native plugins compatible for Editor in 7.76 ms, found 4 plugins.
Preloading 0 native plugins for Editor in 0.00 ms.
Initialize engine version: 6000.3.9f1 (7a9955a4f2fa)
[Subsystems] Discovering subsystems at path D:/Unity/6000.3.9f1/Editor/Data/Resources/UnitySubsystems
[Subsystems] Discovering subsystems at path D:/2D Game project/Assets
GfxDevice: creating device client; kGfxThreadingModeNonThreaded
Direct3D:
    Version:  Direct3D 11.0 [level 11.1]
    Renderer: NVIDIA GeForce GTX 1060 with Max-Q Design (ID=0x1c20)
    Vendor:   NVIDIA
    VRAM:     6031 MB
    Driver:   32.0.15.8180
Initialize mono
Mono path[0] = 'D:/Unity/6000.3.9f1/Editor/Data/Managed'
Mono path[1] = 'D:/Unity/6000.3.9f1/Editor/Data/MonoBleedingEdge/lib/mono/unityjit-win32'
Mono config path = 'D:/Unity/6000.3.9f1/Editor/Data/MonoBleedingEdge/etc'
Using monoOptions --debugger-agent=transport=dt_socket,embedding=1,server=y,suspend=n,address=127.0.0.1:56448
Begin MonoManager ReloadAssembly
Registering precompiled unity dll's ...
Register platform support module: D:/Unity/6000.3.9f1/Editor/Data/PlaybackEngines/WindowsStandaloneSupport/UnityEditor.WindowsStandalone.Extensions.dll
[Licensing::Module] Licensing is not yet initialized.
[Licensing::Client] Handshaking with LicensingClient:
  Version:                 1.17.4+4293ba1
  Session Id:              b41f601b32e641969a6022177b787ff2
  Correlation Id:          36dfd6ad351dae9cebb2e111d197ccfc
  External correlation Id: 733986606524974808
  Machine Id:              ojvnM4JRKiRHVOV/FBHPGkjzrm4=
[Licensing::Module] Successfully connected to LicensingClient on channel: "LicenseClient-dell" (connect: 0.00s, validation: 0.00s, handshake: 2.59s)
[Licensing::IpcConnector] Successfully connected to: "LicenseClient-dell-notifications" at "2026-04-06T19:04:46.8971565Z"
[Licensing::Module] Licensing Background thread has ended after 2.59s
[Licensing::Module] Licensing is initialized (took 0.83s).
[Licensing::Client] Successfully resolved entitlement details
[Licensing::Module] License group:
  Id: 11270640575096-UnityPersXXXX
  Product: Unity Personal
  Type: Assigned
  Expiration: Unlimited
Register platform support module: D:/Unity/6000.3.9f1/Editor/Data/PlaybackEngines/AndroidPlayer/UnityEditor.Android.Extensions.dll
Registered in 0.830304 seconds.
- Loaded All Assemblies, in  1.650 seconds
Native extension for Android target not found
Android Extension - Scanning For ADB Devices 415 ms
Native extension for WindowsStandalone target not found
ScheduleIndexationOnStartup MainProcess:False IndexOnStartup:True
Mono: successfully reloaded assembly
- Finished resetting the current domain, in  1.519 seconds
Domain Reload Profiling: 3168ms
	BeginReloadAssembly (276ms)
		ExecutionOrderSort (0ms)
		DisableScriptedObjects (0ms)
		BackupInstance (0ms)
		ReleaseScriptingObjects (0ms)
		CreateAndSetChildDomain (1ms)
	RebuildCommonClasses (98ms)
	RebuildNativeTypeToScriptingClass (32ms)
	initialDomainReloadingComplete (902ms)
	LoadAllAssembliesAndSetupDomain (341ms)
		LoadAssemblies (274ms)
		RebuildTransferFunctionScriptingTraits (0ms)
		AnalyzeDomain (336ms)
			TypeCache.Refresh (333ms)
				TypeCache.ScanAssembly (302ms)
			BuildScriptInfoCaches (0ms)
			ResolveRequiredComponents (1ms)
	FinalizeReload (1519ms)
		ReleaseScriptCaches (0ms)
		RebuildScriptCaches (0ms)
		SetupLoadedEditorAssemblies (1446ms)
			LogAssemblyErrors (0ms)
			InitializePlatformSupportModulesInManaged (626ms)
			SetLoadedEditorAssemblies (10ms)
			BeforeProcessingInitializeOnLoad (234ms)
			ProcessInitializeOnLoadAttributes (430ms)
			ProcessInitializeOnLoadMethodAttributes (146ms)
			AfterProcessingInitializeOnLoad (0ms)
			EditorAssembliesLoaded (0ms)
		ExecutionOrderSort2 (0ms)
		AwakeInstancesAfterBackupRestoration (0ms)
========================================================================
Worker process is ready to serve import requests
Import Worker Mode flag is 0x00
Begin MonoManager ReloadAssembly
[Licensing::Client] Successfully resolved entitlement details
- Loaded All Assemblies, in  1.485 seconds
Refreshing native plugins compatible for Editor in 1.54 ms, found 4 plugins.
Native extension for Android target not found
Native extension for WindowsStandalone target not found
Package Manager log level set to [2]
[Package Manager] Failed to launch server process. Reason: Unity was launched with the -noUpm command-line argument
[Package Manager] Unable to send message (not connected to server process).
[Package Manager] Cannot connect to Unity Package Manager local server
ScheduleIndexationOnStartup MainProcess:False IndexOnStartup:True
Mono: successfully reloaded assembly
- Finished resetting the current domain, in  1.770 seconds
Domain Reload Profiling: 3253ms
	BeginReloadAssembly (306ms)
		ExecutionOrderSort (0ms)
		DisableScriptedObjects (12ms)
		BackupInstance (0ms)
		ReleaseScriptingObjects (0ms)
		CreateAndSetChildDomain (52ms)
	RebuildCommonClasses (63ms)
	RebuildNativeTypeToScriptingClass (21ms)
	initialDomainReloadingComplete (56ms)
	LoadAllAssembliesAndSetupDomain (1036ms)
		LoadAssemblies (609ms)
		RebuildTransferFunctionScriptingTraits (0ms)
		AnalyzeDomain (596ms)
			TypeCache.Refresh (423ms)
				TypeCache.ScanAssembly (380ms)
			BuildScriptInfoCaches (148ms)
			ResolveRequiredComponents (18ms)
	FinalizeReload (1771ms)
		ReleaseScriptCaches (0ms)
		RebuildScriptCaches (0ms)
		SetupLoadedEditorAssemblies (1494ms)
			LogAssemblyErrors (0ms)
			InitializePlatformSupportModulesInManaged (20ms)
			SetLoadedEditorAssemblies (7ms)
			BeforeProcessingInitializeOnLoad (362ms)
			ProcessInitializeOnLoadAttributes (806ms)
			ProcessInitializeOnLoadMethodAttributes (296ms)
			AfterProcessingInitializeOnLoad (3ms)
			EditorAssembliesLoaded (0ms)
		ExecutionOrderSort2 (0ms)
		AwakeInstancesAfterBackupRestoration (16ms)
Launched and connected shader compiler UnityShaderCompiler.exe after 0.02 seconds
Refreshing native plugins compatible for Editor in 4.00 ms, found 4 plugins.
Preloading 0 native plugins for Editor in 0.00 ms.
Unloading 16 Unused Serialized files (Serialized files now loaded: 0)
Unloading 6927 unused Assets / (5.0 MB). Loaded Objects now: 7763.
Memory consumption went from 155.5 MB to 150.5 MB.
Total: 27.407100 ms (FindLiveObjects: 2.926600 ms CreateObjectMapping: 2.386500 ms MarkObjects: 12.992800 ms  DeleteObjects: 9.098300 ms)

========================================================================
Received Import Request.
  Time since last request: 262904.281322 seconds.
  path: Assets/Scenes/MainPrototype.unity
  artifactKey: Guid(e5d8062c91b39664faae0adda74d7c00) Importer(2089858483,b0f066a214c2f5e87bad3c948f4d605d)
Start importing Assets/Scenes/MainPrototype.unity using Guid(e5d8062c91b39664faae0adda74d7c00) Importer(2089858483,b0f066a214c2f5e87bad3c948f4d605d) (ScriptedImporter) -> (artifact id: 'c2680cb7df4e2615ee512d7d17abd2c6') in 0.1122232 seconds
Number of updated asset objects reloaded before import = 0Number of asset objects unloaded after import = 1

========================================================================
Received Import Request.
  Time since last request: 0.000044 seconds.
  path: Assets/MMDevelopers/DarkWolf_2d/Art
  artifactKey: Guid(0a595219366c2834cbd5ead5308a4960) Importer(2089858483,b0f066a214c2f5e87bad3c948f4d605d)
Start importing Assets/MMDevelopers/DarkWolf_2d/Art using Guid(0a595219366c2834cbd5ead5308a4960) Importer(2089858483,b0f066a214c2f5e87bad3c948f4d605d) (ScriptedImporter) -> (artifact id: '55ec413ccd5de7525b28045aab1e6b4a') in 0.0199242 seconds
Number of updated asset objects reloaded before import = 0Number of asset objects unloaded after import = 1

========================================================================
Received Import Request.
  Time since last request: 0.000021 seconds.
  path: Assets/MMDevelopers/DarkWolf_2d/Art/Animations/DarkWolf_2d Animator.controller
  artifactKey: Guid(648169a0c4d2903448596f319df86489) Importer(2089858483,b0f066a214c2f5e87bad3c948f4d605d)
Start importing Assets/MMDevelopers/DarkWolf_2d/Art/Animations/DarkWolf_2d Animator.controller using Guid(648169a0c4d2903448596f319df86489) Importer(2089858483,b0f066a214c2f5e87bad3c948f4d605d) (ScriptedImporter) -> (artifact id: '4403d9b213676da72e385d9c880fc96c') in 0.0629421 seconds
Number of updated asset objects reloaded before import = 0Number of asset objects unloaded after import = 22

========================================================================
Received Import Request.
  Time since last request: 0.000044 seconds.
  path: Assets/MMDevelopers/DarkWolf_2d/Art/Animations/DarkWolf_2d_Attack Animation.anim
  artifactKey: Guid(52dc08b7936355943ac130cb1580b03c) Importer(2089858483,b0f066a214c2f5e87bad3c948f4d605d)
Start importing Assets/MMDevelopers/DarkWolf_2d/Art/Animations/DarkWolf_2d_Attack Animation.anim using Guid(52dc08b7936355943ac130cb1580b03c) Importer(2089858483,b0f066a214c2f5e87bad3c948f4d605d) (ScriptedImporter) -> (artifact id: '7b2ca7c0dfd9248a64b9194eb922123c') in 0.0698148 seconds
Number of updated asset objects reloaded before import = 0Number of asset objects unloaded after import = 1

========================================================================
Received Import Request.
  Time since last request: 0.000060 seconds.
  path: Assets/MMDevelopers/DarkWolf_2d/Art/Sprites/Walk/LoboSombriuWalk0014.png
  artifactKey: Guid(f5662ee46a3b69541b6873d9947208d6) Importer(2089858483,b0f066a214c2f5e87bad3c948f4d605d)
Start importing Assets/MMDevelopers/DarkWolf_2d/Art/Sprites/Walk/LoboSombriuWalk0014.png using Guid(f5662ee46a3b69541b6873d9947208d6) Importer(2089858483,b0f066a214c2f5e87bad3c948f4d605d) (ScriptedImporter) -> (artifact id: 'e3f5a45c1f9ff87a4784ad8e09b35d90') in 0.129912 seconds
Number of updated asset objects reloaded before import = 0Number of asset objects unloaded after import = 3

========================================================================
Received Import Request.
  Time since last request: 0.000069 seconds.
  path: Assets/MMDevelopers/DarkWolf_2d/Art/Sprites/Walk/LoboSombriuWalk0004.png
  artifactKey: Guid(2c8f2a883e71177489da345936d8ffe5) Importer(2089858483,b0f066a214c2f5e87bad3c948f4d605d)
Start importing Assets/MMDevelopers/DarkWolf_2d/Art/Sprites/Walk/LoboSombriuWalk0004.png using Guid(2c8f2a883e71177489da345936d8ffe5) Importer(2089858483,b0f066a214c2f5e87bad3c948f4d605d) (ScriptedImporter) -> (artifact id: 'affa430b81e561801fd98a2d9685a769') in 0.0266368 seconds
Number of updated asset objects reloaded before import = 0Number of asset objects unloaded after import = 3

========================================================================
Received Import Request.
  Time since last request: 0.000022 seconds.
  path: Assets/MMDevelopers/DarkWolf_2d/Art/Sprites/Damage/LoboSombriuDamage0010.png
  artifactKey: Guid(e4a1ecb4533d334469d3f16ddc6b29a7) Importer(2089858483,b0f066a214c2f5e87bad3c948f4d605d)
Start importing Assets/MMDevelopers/DarkWolf_2d/Art/Sprites/Damage/LoboSombriuDamage0010.png using Guid(e4a1ecb4533d334469d3f16ddc6b29a7) Importer(2089858483,b0f066a214c2f5e87bad3c948f4d605d) (ScriptedImporter) -> (artifact id: 'b78c4d1bbe96436fe450c17bdbd47599') in 0.033907 seconds
Number of updated asset objects reloaded before import = 0Number of asset objects unloaded after import = 3

========================================================================
Received Import Request.
  Time since last request: 0.000046 seconds.
  path: Assets/MMDevelopers/DarkWolf_2d/Art/Sprites/Attack/LoboSombriuAttack0009.png
  artifactKey: Guid(273335addacac794b8af6de090d5b549) Importer(2089858483,b0f066a214c2f5e87bad3c948f4d605d)
Start importing Assets/MMDevelopers/DarkWolf_2d/Art/Sprites/Attack/LoboSombriuAttack0009.png using Guid(273335addacac794b8af6de090d5b549) Importer(2089858483,b0f066a214c2f5e87bad3c948f4d605d) (ScriptedImporter) -> (artifact id: 'fe7f77bf47ad31b2a43c27e0e325976d') in 0.031767 seconds
Number of updated asset objects reloaded before import = 0Number of asset objects unloaded after import = 3

========================================================================
Received Import Request.
  Time since last request: 0.000025 seconds.
  path: Assets/Animations/Enemy_Platform.controller
  artifactKey: Guid(ff899fe04b6f21f489c3ffa68479d251) Importer(2089858483,b0f066a214c2f5e87bad3c948f4d605d)
Start importing Assets/Animations/Enemy_Platform.controller using Guid(ff899fe04b6f21f489c3ffa68479d251) Importer(2089858483,b0f066a214c2f5e87bad3c948f4d605d) (ScriptedImporter) -> (artifact id: 'a5d257d2b38802954c8c9ee47b80cd20') in 0.0296704 seconds
Number of updated asset objects reloaded before import = 0Number of asset objects unloaded after import = 6

========================================================================
Received Import Request.
  Time since last request: 0.000018 seconds.
  path: Assets/MMDevelopers/DarkWolf_2d/Art/Sprites/Run/LoboSombriuRun0004.png
  artifactKey: Guid(e70bedf7b87a8a94d955498f0c141a2b) Importer(2089858483,b0f066a214c2f5e87bad3c948f4d605d)
Start importing Assets/MMDevelopers/DarkWolf_2d/Art/Sprites/Run/LoboSombriuRun0004.png using Guid(e70bedf7b87a8a94d955498f0c141a2b) Importer(2089858483,b0f066a214c2f5e87bad3c948f4d605d) (ScriptedImporter) -> (artifact id: '2ad4e9a8d5ec40c385d7cfc9831ba5af') in 0.0310293 seconds
Number of updated asset objects reloaded before import = 0Number of asset objects unloaded after import = 3

========================================================================
Received Import Request.
  Time since last request: 0.000021 seconds.
  path: Assets/MMDevelopers/DarkWolf_2d/Art/Sprites/Death/LoboSombriuDeath0004.png
  artifactKey: Guid(dd48c61a787960b47a66ec0399d8096a) Importer(2089858483,b0f066a214c2f5e87bad3c948f4d605d)
Start importing Assets/MMDevelopers/DarkWolf_2d/Art/Sprites/Death/LoboSombriuDeath0004.png using Guid(dd48c61a787960b47a66ec0399d8096a) Importer(2089858483,b0f066a214c2f5e87bad3c948f4d605d) (ScriptedImporter) -> (artifact id: 'ed4513fb66308851086fed4e2847c043') in 0.0244142 seconds
Number of updated asset objects reloaded before import = 0Number of asset objects unloaded after import = 3

========================================================================
Received Import Request.
  Time since last request: 0.000049 seconds.
  path: Assets/MMDevelopers/DarkWolf_2d/Art/Animations/DarkWolf_2d_Death Animation.anim
  artifactKey: Guid(b542bcd0096e827448fd9440efe4d264) Importer(2089858483,b0f066a214c2f5e87bad3c948f4d605d)
Start importing Assets/MMDevelopers/DarkWolf_2d/Art/Animations/DarkWolf_2d_Death Animation.anim using Guid(b542bcd0096e827448fd9440efe4d264) Importer(2089858483,b0f066a214c2f5e87bad3c948f4d605d) (ScriptedImporter) -> (artifact id: 'aa9d5a393b65415ae3ad674c8ba1bb74') in 0.022555 seconds
Number of updated asset objects reloaded before import = 0Number of asset objects unloaded after import = 1

========================================================================
Received Import Request.
  Time since last request: 0.000020 seconds.
  path: Assets/MMDevelopers/DarkWolf_2d/Art/Sprites/Run/LoboSombriuRun0010.png
  artifactKey: Guid(4dca93342e1c4264d85404710f6887b4) Importer(2089858483,b0f066a214c2f5e87bad3c948f4d605d)
Start importing Assets/MMDevelopers/DarkWolf_2d/Art/Sprites/Run/LoboSombriuRun0010.png using Guid(4dca93342e1c4264d85404710f6887b4) Importer(2089858483,b0f066a214c2f5e87bad3c948f4d605d) (ScriptedImporter) -> (artifact id: 'e65c73421c01778773af1a3dcaad26e9') in 0.0282417 seconds
Number of updated asset objects reloaded before import = 0Number of asset objects unloaded after import = 3

========================================================================
Received Import Request.
  Time since last request: 0.000019 seconds.
  path: Assets/MMDevelopers/DarkWolf_2d/Art/Sprites/Damage/LoboSombriuDamage0000.png
  artifactKey: Guid(58d0de64dacd1624db70c388e5e43868) Importer(2089858483,b0f066a214c2f5e87bad3c948f4d605d)
Start importing Assets/MMDevelopers/DarkWolf_2d/Art/Sprites/Damage/LoboSombriuDamage0000.png using Guid(58d0de64dacd1624db70c388e5e43868) Importer(2089858483,b0f066a214c2f5e87bad3c948f4d605d) (ScriptedImporter) -> (artifact id: '62ce3b822b1cad6b79fbca97a587766a') in 0.0220978 seconds
Number of updated asset objects reloaded before import = 0Number of asset objects unloaded after import = 3

========================================================================
Received Import Request.
  Time since last request: 0.000023 seconds.
  path: Assets/MMDevelopers/DarkWolf_2d/Art/Sprites/Attack/LoboSombriuAttack0015.png
  artifactKey: Guid(4517bb1b3e3de5248bc9e051056aaa85) Importer(2089858483,b0f066a214c2f5e87bad3c948f4d605d)
Start importing Assets/MMDevelopers/DarkWolf_2d/Art/Sprites/Attack/LoboSombriuAttack0015.png using Guid(4517bb1b3e3de5248bc9e051056aaa85) Importer(2089858483,b0f066a214c2f5e87bad3c948f4d605d) (ScriptedImporter) -> (artifact id: 'b9d37c1612eb4a9510f439d4f6e80ed8') in 0.0280809 seconds
Number of updated asset objects reloaded before import = 0Number of asset objects unloaded after import = 3

========================================================================
Received Import Request.
  Time since last request: 0.000037 seconds.
  path: Assets/MMDevelopers/DarkWolf_2d/Art/Sprites/Attack/LoboSombriuAttack0002.png
  artifactKey: Guid(003356c5dcf4fba40810bed5e25555d5) Importer(2089858483,b0f066a214c2f5e87bad3c948f4d605d)
Start importing Assets/MMDevelopers/DarkWolf_2d/Art/Sprites/Attack/LoboSombriuAttack0002.png using Guid(003356c5dcf4fba40810bed5e25555d5) Importer(2089858483,b0f066a214c2f5e87bad3c948f4d605d) (ScriptedImporter) -> (artifact id: 'c21c21c8530100cc048c4b77f84561c1') in 0.0263207 seconds
Number of updated asset objects reloaded before import = 0Number of asset objects unloaded after import = 3

========================================================================
Received Import Request.
  Time since last request: 0.000020 seconds.
  path: Assets/MMDevelopers/DarkWolf_2d/Art/Animations
  artifactKey: Guid(4f556d7a4516b2d4fa3b39b67657be23) Importer(2089858483,b0f066a214c2f5e87bad3c948f4d605d)
Start importing Assets/MMDevelopers/DarkWolf_2d/Art/Animations using Guid(4f556d7a4516b2d4fa3b39b67657be23) Importer(2089858483,b0f066a214c2f5e87bad3c948f4d605d) (ScriptedImporter) -> (artifact id: 'd4e76e4a3b1befc800bc54f72fd922ff') in 0.0235786 seconds
Number of updated asset objects reloaded before import = 0Number of asset objects unloaded after import = 1

========================================================================
Received Import Request.
  Time since last request: 0.000029 seconds.
  path: Assets/MMDevelopers/DarkWolf_2d/Prefabs/DarkWolf_2d_Grafics.prefab
  artifactKey: Guid(2fad0ec419ab0b546a490f8d31499f05) Importer(2089858483,b0f066a214c2f5e87bad3c948f4d605d)
Start importing Assets/MMDevelopers/DarkWolf_2d/Prefabs/DarkWolf_2d_Grafics.prefab using Guid(2fad0ec419ab0b546a490f8d31499f05) Importer(2089858483,b0f066a214c2f5e87bad3c948f4d605d) (ScriptedImporter) -> (artifact id: 'e4b9b4bf39de7e2171948e59b9220a48') in 0.0914368 seconds
Number of updated asset objects reloaded before import = 0Number of asset objects unloaded after import = 7

========================================================================
Received Import Request.
  Time since last request: 0.000025 seconds.
  path: Assets/MMDevelopers/DarkWolf_2d/Art/Sprites/Run/LoboSombriuRun0008.png
  artifactKey: Guid(b3e2f51d84b34344ca22e7b7e0312208) Importer(2089858483,b0f066a214c2f5e87bad3c948f4d605d)
Start importing Assets/MMDevelopers/DarkWolf_2d/Art/Sprites/Run/LoboSombriuRun0008.png using Guid(b3e2f51d84b34344ca22e7b7e0312208) Importer(2089858483,b0f066a214c2f5e87bad3c948f4d605d) (ScriptedImporter) -> (artifact id: '4189161c6e1830fec9e977afe7dfd365') in 0.0235987 seconds
Number of updated asset objects reloaded before import = 0Number of asset objects unloaded after import = 3

========================================================================
Received Import Request.
  Time since last request: 0.000039 seconds.
  path: Assets/MMDevelopers/DarkWolf_2d/Art/Sprites/Walk
  artifactKey: Guid(a2fd79c46eddef24298fd309b0f29374) Importer(2089858483,b0f066a214c2f5e87bad3c948f4d605d)
Start importing Assets/MMDevelopers/DarkWolf_2d/Art/Sprites/Walk using Guid(a2fd79c46eddef24298fd309b0f29374) Importer(2089858483,b0f066a214c2f5e87bad3c948f4d605d) (ScriptedImporter) -> (artifact id: 'a298313be1eb12885be2a3909b2006ce') in 0.0171155 seconds
Number of updated asset objects reloaded before import = 0Number of asset objects unloaded after import = 1

========================================================================
Received Import Request.
  Time since last request: 0.000019 seconds.
  path: Assets/MMDevelopers/DarkWolf_2d/Art/Sprites/Run/LoboSombriuRun0014.png
  artifactKey: Guid(2d35a01b0beb46047be626f2187c0c18) Importer(2089858483,b0f066a214c2f5e87bad3c948f4d605d)
Start importing Assets/MMDevelopers/DarkWolf_2d/Art/Sprites/Run/LoboSombriuRun0014.png using Guid(2d35a01b0beb46047be626f2187c0c18) Importer(2089858483,b0f066a214c2f5e87bad3c948f4d605d) (ScriptedImporter) -> (artifact id: '836cbf67f45e14603015e0cc4b913a3e') in 0.0300989 seconds
Number of updated asset objects reloaded before import = 0Number of asset objects unloaded after import = 3

========================================================================
Received Import Request.
  Time since last request: 0.000024 seconds.
  path: Assets/MMDevelopers/DarkWolf_2d/Art/Sprites/Walk/LoboSombriuWalk0008.png
  artifactKey: Guid(6d41860ca67c6fb4280cd1e0282f8151) Importer(2089858483,b0f066a214c2f5e87bad3c948f4d605d)
Start importing Assets/MMDevelopers/DarkWolf_2d/Art/Sprites/Walk/LoboSombriuWalk0008.png using Guid(6d41860ca67c6fb4280cd1e0282f8151) Importer(2089858483,b0f066a214c2f5e87bad3c948f4d605d) (ScriptedImporter) -> (artifact id: '1678730ee7b38f1a9775a6577613532a') in 0.0268303 seconds
Number of updated asset objects reloaded before import = 0Number of asset objects unloaded after import = 3

========================================================================
Received Import Request.
  Time since last request: 0.000019 seconds.
  path: Assets/MMDevelopers
  artifactKey: Guid(02619de4913869648a0839449846a06f) Importer(2089858483,b0f066a214c2f5e87bad3c948f4d605d)
Start importing Assets/MMDevelopers using Guid(02619de4913869648a0839449846a06f) Importer(2089858483,b0f066a214c2f5e87bad3c948f4d605d) (ScriptedImporter) -> (artifact id: 'ad7a8c6f2005822f98436112b413c516') in 0.0147454 seconds
Number of updated asset objects reloaded before import = 0Number of asset objects unloaded after import = 1

========================================================================
Received Import Request.
  Time since last request: 0.000079 seconds.
  path: Assets/MMDevelopers/DarkWolf_2d/Art/Sprites/Idlle
  artifactKey: Guid(02d309e220e761145a969dbad52f7b49) Importer(2089858483,b0f066a214c2f5e87bad3c948f4d605d)
Start importing Assets/MMDevelopers/DarkWolf_2d/Art/Sprites/Idlle using Guid(02d309e220e761145a969dbad52f7b49) Importer(2089858483,b0f066a214c2f5e87bad3c948f4d605d) (ScriptedImporter) -> (artifact id: 'ab243e7f373ca8162823292122ce50f7') in 0.0224975 seconds
Number of updated asset objects reloaded before import = 0Number of asset objects unloaded after import = 1

========================================================================
Received Import Request.
  Time since last request: 0.000022 seconds.
  path: Assets/MMDevelopers/DarkWolf_2d/Art/Sprites/Death/LoboSombriuDeath0002.png
  artifactKey: Guid(44ab9bb30bd084c418c193603a92fee1) Importer(2089858483,b0f066a214c2f5e87bad3c948f4d605d)
Start importing Assets/MMDevelopers/DarkWolf_2d/Art/Sprites/Death/LoboSombriuDeath0002.png using Guid(44ab9bb30bd084c418c193603a92fee1) Importer(2089858483,b0f066a214c2f5e87bad3c948f4d605d) (ScriptedImporter) -> (artifact id: '48efcc820632496394f2dd8ff5b2e186') in 0.0308349 seconds
Number of updated asset objects reloaded before import = 0Number of asset objects unloaded after import = 3

========================================================================
Received Import Request.
  Time since last request: 0.000028 seconds.
  path: Assets/MMDevelopers/DarkWolf_2d/Art/Sprites/Damage/LoboSombriuDamage0012.png
  artifactKey: Guid(c273f4246a5b27c42839bd81d59e7e3b) Importer(2089858483,b0f066a214c2f5e87bad3c948f4d605d)
Start importing Assets/MMDevelopers/DarkWolf_2d/Art/Sprites/Damage/LoboSombriuDamage0012.png using Guid(c273f4246a5b27c42839bd81d59e7e3b) Importer(2089858483,b0f066a214c2f5e87bad3c948f4d605d) (ScriptedImporter) -> (artifact id: '3340a928caa637845179560e3fc92f21') in 0.0356378 seconds
Number of updated asset objects reloaded before import = 0Number of asset objects unloaded after import = 3

========================================================================
Received Import Request.
  Time since last request: 0.000071 seconds.
  path: Assets/MMDevelopers/DarkWolf_2d/Art/Sprites/Damage/LoboSombriuDamage0009.png
  artifactKey: Guid(e4b15d84937c8c54197ea410f237c709) Importer(2089858483,b0f066a214c2f5e87bad3c948f4d605d)
Start importing Assets/MMDevelopers/DarkWolf_2d/Art/Sprites/Damage/LoboSombriuDamage0009.png using Guid(e4b15d84937c8c54197ea410f237c709) Importer(2089858483,b0f066a214c2f5e87bad3c948f4d605d) (ScriptedImporter) -> (artifact id: '9d5c3ce192854992dde30f9e79622aa4') in 0.0410177 seconds
Number of updated asset objects reloaded before import = 0Number of asset objects unloaded after import = 3

========================================================================
Received Import Request.
  Time since last request: 0.000054 seconds.
  path: Assets/MMDevelopers/DarkWolf_2d/Art/Sprites/Run/LoboSombriuRun0012.png
  artifactKey: Guid(5967288c737f57a4abb658d5089a3dc6) Importer(2089858483,b0f066a214c2f5e87bad3c948f4d605d)
Start importing Assets/MMDevelopers/DarkWolf_2d/Art/Sprites/Run/LoboSombriuRun0012.png using Guid(5967288c737f57a4abb658d5089a3dc6) Importer(2089858483,b0f066a214c2f5e87bad3c948f4d605d) (ScriptedImporter) -> (artifact id: 'f2655d76ba9fe96c9527b7779a0a52e3') in 0.0268934 seconds
Number of updated asset objects reloaded before import = 0Number of asset objects unloaded after import = 3

========================================================================
Received Prepare
Begin MonoManager ReloadAssembly
- Loaded All Assemblies, in  1.424 seconds
Refreshing native plugins compatible for Editor in 1.58 ms, found 4 plugins.
Native extension for Android target not found
Native extension for WindowsStandalone target not found
[Package Manager] Failed to launch server process. Reason: Unity was launched with the -noUpm command-line argument
[Package Manager] Unable to send message (not connected to server process).
[Package Manager] Cannot connect to Unity Package Manager local server
ScheduleIndexationOnStartup MainProcess:False IndexOnStartup:True
Mono: successfully reloaded assembly
- Finished resetting the current domain, in  1.484 seconds
Domain Reload Profiling: 2911ms
	BeginReloadAssembly (438ms)
		ExecutionOrderSort (0ms)
		DisableScriptedObjects (23ms)
		BackupInstance (0ms)
		ReleaseScriptingObjects (0ms)
		CreateAndSetChildDomain (125ms)
	RebuildCommonClasses (73ms)
	RebuildNativeTypeToScriptingClass (30ms)
	initialDomainReloadingComplete (47ms)
	LoadAllAssembliesAndSetupDomain (839ms)
		LoadAssemblies (667ms)
		RebuildTransferFunctionScriptingTraits (0ms)
		AnalyzeDomain (371ms)
			TypeCache.Refresh (12ms)
				TypeCache.ScanAssembly (0ms)
			BuildScriptInfoCaches (328ms)
			ResolveRequiredComponents (21ms)
	FinalizeReload (1485ms)
		ReleaseScriptCaches (0ms)
		RebuildScriptCaches (0ms)
		SetupLoadedEditorAssemblies (1176ms)
			LogAssemblyErrors (0ms)
			InitializePlatformSupportModulesInManaged (14ms)
			SetLoadedEditorAssemblies (10ms)
			BeforeProcessingInitializeOnLoad (285ms)
			ProcessInitializeOnLoadAttributes (683ms)
			ProcessInitializeOnLoadMethodAttributes (179ms)
			AfterProcessingInitializeOnLoad (4ms)
			EditorAssembliesLoaded (1ms)
		ExecutionOrderSort2 (0ms)
		AwakeInstancesAfterBackupRestoration (35ms)
Refreshing native plugins compatible for Editor in 1.98 ms, found 4 plugins.
Preloading 0 native plugins for Editor in 0.00 ms.
Unloading 16 Unused Serialized files (Serialized files now loaded: 0)
Unloading 6925 unused Assets / (5.2 MB). Loaded Objects now: 7769.
Memory consumption went from 157.2 MB to 152.0 MB.
Total: 27.439800 ms (FindLiveObjects: 2.041300 ms CreateObjectMapping: 4.294600 ms MarkObjects: 11.114700 ms  DeleteObjects: 9.987200 ms)

Prepare: number of updated asset objects reloaded= 0
========================================================================
Received Prepare
Begin MonoManager ReloadAssembly
[Licensing::Client] Successfully resolved entitlement details
- Loaded All Assemblies, in  1.161 seconds
Refreshing native plugins compatible for Editor in 1.31 ms, found 4 plugins.
Native extension for Android target not found
Native extension for WindowsStandalone target not found
[Package Manager] Failed to launch server process. Reason: Unity was launched with the -noUpm command-line argument
[Package Manager] Unable to send message (not connected to server process).
[Package Manager] Cannot connect to Unity Package Manager local server
ScheduleIndexationOnStartup MainProcess:False IndexOnStartup:True
Mono: successfully reloaded assembly
- Finished resetting the current domain, in  1.576 seconds
Domain Reload Profiling: 2742ms
	BeginReloadAssembly (340ms)
		ExecutionOrderSort (0ms)
		DisableScriptedObjects (30ms)
		BackupInstance (0ms)
		ReleaseScriptingObjects (0ms)
		CreateAndSetChildDomain (85ms)
	RebuildCommonClasses (57ms)
	RebuildNativeTypeToScriptingClass (24ms)
	initialDomainReloadingComplete (42ms)
	LoadAllAssembliesAndSetupDomain (702ms)
		LoadAssemblies (484ms)
		RebuildTransferFunctionScriptingTraits (0ms)
		AnalyzeDomain (360ms)
			TypeCache.Refresh (18ms)
				TypeCache.ScanAssembly (0ms)
			BuildScriptInfoCaches (317ms)
			ResolveRequiredComponents (17ms)
	FinalizeReload (1577ms)
		ReleaseScriptCaches (0ms)
		RebuildScriptCaches (0ms)
		SetupLoadedEditorAssemblies (1267ms)
			LogAssemblyErrors (0ms)
			InitializePlatformSupportModulesInManaged (12ms)
			SetLoadedEditorAssemblies (10ms)
			BeforeProcessingInitializeOnLoad (247ms)
			ProcessInitializeOnLoadAttributes (826ms)
			ProcessInitializeOnLoadMethodAttributes (167ms)
			AfterProcessingInitializeOnLoad (4ms)
			EditorAssembliesLoaded (1ms)
		ExecutionOrderSort2 (0ms)
		AwakeInstancesAfterBackupRestoration (35ms)
Refreshing native plugins compatible for Editor in 5.89 ms, found 4 plugins.
Preloading 0 native plugins for Editor in 0.00 ms.
Unloading 16 Unused Serialized files (Serialized files now loaded: 0)
Unloading 6925 unused Assets / (4.7 MB). Loaded Objects now: 7772.
Memory consumption went from 157.2 MB to 152.5 MB.
Total: 29.494000 ms (FindLiveObjects: 1.319900 ms CreateObjectMapping: 2.326000 ms MarkObjects: 15.466700 ms  DeleteObjects: 10.379200 ms)

Prepare: number of updated asset objects reloaded= 0
